<testsuite>
  <testcase class_name="TestCreateService" name="TestCreateService/Min" time="0">
    <properties>
      <property name="perf_latency" value="0.008678979"></property>
    </properties>
  </testcase>
  <testcase class_name="TestCreateService" name="TestCreateService/Max" time="0">
    <properties>
      <property name="perf_latency" value="0.041950535"></property>
    </properties>
  </testcase>
  <testcase class_name="TestCreateService" name="TestCreateService/Avg" time="0">
    <properties>
      <property name="perf_latency" value="0.009409598"></property>
    </properties>
  </testcase>
  <testcase class_name="TestCreateService" name="TestCreateService/StdDev" time="0">
    <properties>
      <property name="perf_latency" value="0.001671704"></property>
    </properties>
  </testcase>
  <testcase class_name="TestCreateService" name="TestCreateService/Sum" time="0">
    <properties>
      <property name="perf_latency" value="4.516607"></property>
    </properties>
  </testcase>
</testsuite>
